Ignoring exception in on_message
Traceback (most recent call last):
  File "/usr/local/lib/python3.7/dist-packages/discord/client.py", line 312, in _run_event
    await coro(*args, **kwargs)
  File "bot.py", line 160, in on_message
    await message.channel.send("`A strat for attack: \n" + attack[random.sample(range(1, len(attack)-1), 1)] + "`")
TypeError: list indices must be integers or slices, not list
Ignoring exception in on_message
Traceback (most recent call last):
  File "/usr/local/lib/python3.7/dist-packages/discord/client.py", line 312, in _run_event
    await coro(*args, **kwargs)
  File "bot.py", line 160, in on_message
    await message.channel.send("`A strat for attack: \n" + attack[random.sample(range(1, len(attack)-1), 1)] + "`")
TypeError: list indices must be integers or slices, not list
Ignoring exception in on_message
Traceback (most recent call last):
  File "/usr/local/lib/python3.7/dist-packages/discord/client.py", line 312, in _run_event
    await coro(*args, **kwargs)
  File "bot.py", line 160, in on_message
    await message.channel.send("`A strat for attack: \n" + attack[random.sample(range(1, len(attack)-1), 1)] + "`")
TypeError: list indices must be integers or slices, not list
Ignoring exception in on_message
Traceback (most recent call last):
  File "/usr/local/lib/python3.7/dist-packages/discord/client.py", line 312, in _run_event
    await coro(*args, **kwargs)
  File "bot.py", line 160, in on_message
    await message.channel.send("`A strat for attack: \n" + attack[random.sample(range(1, len(attack)-1), 1)] + "`")
TypeError: list indices must be integers or slices, not list
Ignoring exception in on_message
Traceback (most recent call last):
  File "/usr/local/lib/python3.7/dist-packages/discord/client.py", line 312, in _run_event
    await coro(*args, **kwargs)
  File "bot.py", line 160, in on_message
    await message.channel.send("`A strat for attack: \n" + attack[random.sample(range(1, len(attack)-1), 1)] + "`")
TypeError: list indices must be integers or slices, not list
Ignoring exception in on_message
Traceback (most recent call last):
  File "/usr/local/lib/python3.7/dist-packages/discord/client.py", line 312, in _run_event
    await coro(*args, **kwargs)
  File "bot.py", line 160, in on_message
    await message.channel.send("`A strat for attack: \n" + attack[random.sample(range(1, len(attack)-1), 1)] + "`")
TypeError: list indices must be integers or slices, not list
We have logged in as Richards Bot#1671
We have logged in as Richards Bot#1671
We have logged in as Richards Bot#1671
We have logged in as Richards Bot#1671
We have logged in as Richards Bot#1671
We have logged in as Richards Bot#1671
We have logged in as Richards Bot#1671
We have logged in as Richards Bot#1671
We have logged in as Richards Bot#1671
We have logged in as Richards Bot#1671
We have logged in as Richards Bot#1671
We have logged in as Richards Bot#1671
We have logged in as Richards Bot#1671
We have logged in as Richards Bot#1671
We have logged in as Richards Bot#1671
We have logged in as Richards Bot#1671
We have logged in as Richards Bot#1671
We have logged in as Richards Bot#1671
We have logged in as Richards Bot#1671
We have logged in as Richards Bot#1671
We have logged in as Richards Bot#1671
We have logged in as Richards Bot#1671
We have logged in as Richards Bot#1671
We have logged in as Richards Bot#1671
We have logged in as Richards Bot#1671
We have logged in as Richards Bot#1671
We have logged in as Richards Bot#1671
We have logged in as Richards Bot#1671
We have logged in as Richards Bot#1671
We have logged in as Richards Bot#1671
We have logged in as Richards Bot#1671
We have logged in as Richards Bot#1671
We have logged in as Richards Bot#1671
We have logged in as Richards Bot#1671
We have logged in as Richards Bot#1671
We have logged in as Richards Bot#1671
We have logged in as Richards Bot#1671
We have logged in as Richards Bot#1671
We have logged in as Richards Bot#1671
We have logged in as Richards Bot#1671
We have logged in as Richards Bot#1671
We have logged in as Richards Bot#1671
We have logged in as Richards Bot#1671
We have logged in as Richards Bot#1671
We have logged in as Richards Bot#1671
We have logged in as Richards Bot#1671
We have logged in as Richards Bot#1671
We have logged in as Richards Bot#1671
We have logged in as Richards Bot#1671
We have logged in as Richards Bot#1671
We have logged in as Richards Bot#1671
We have logged in as Richards Bot#1671
We have logged in as Richards Bot#1671
We have logged in as Richards Bot#1671
We have logged in as Richards Bot#1671
We have logged in as Richards Bot#1671
We have logged in as Richards Bot#1671
We have logged in as Richards Bot#1671
We have logged in as Richards Bot#1671
We have logged in as Richards Bot#1671
We have logged in as Richards Bot#1671
We have logged in as Richards Bot#1671
We have logged in as Richards Bot#1671
We have logged in as Richards Bot#1671
We have logged in as Richards Bot#1671
We have logged in as Richards Bot#1671
We have logged in as Richards Bot#1671
We have logged in as Richards Bot#1671
We have logged in as Richards Bot#1671
We have logged in as Richards Bot#1671
We have logged in as Richards Bot#1671
We have logged in as Richards Bot#1671
We have logged in as Richards Bot#1671
We have logged in as Richards Bot#1671
We have logged in as Richards Bot#1671
We have logged in as Richards Bot#1671
We have logged in as Richards Bot#1671
We have logged in as Richards Bot#1671
We have logged in as Richards Bot#1671
We have logged in as Richards Bot#1671
We have logged in as Richards Bot#1671
We have logged in as Richards Bot#1671
We have logged in as Richards Bot#1671
We have logged in as Richards Bot#1671
We have logged in as Richards Bot#1671
We have logged in as Richards Bot#1671
We have logged in as Richards Bot#1671
We have logged in as Richards Bot#1671
We have logged in as Richards Bot#1671
We have logged in as Richards Bot#1671
We have logged in as Richards Bot#1671
We have logged in as Richards Bot#1671
We have logged in as Richards Bot#1671
Fatal read error on socket transport
protocol: <asyncio.sslproto.SSLProtocol object at 0x74fb6610>
transport: <_SelectorSocketTransport fd=6 read=polling write=<idle, bufsize=0>>
Traceback (most recent call last):
  File "/usr/lib/python3.7/asyncio/selector_events.py", line 801, in _read_ready__data_received
    data = self._sock.recv(self.max_size)
OSError: [Errno 113] No route to host
We have logged in as Richards Bot#1671
We have logged in as Richards Bot#1671
We have logged in as Richards Bot#1671
We have logged in as Richards Bot#1671
We have logged in as Richards Bot#1671
We have logged in as Richards Bot#1671
We have logged in as Richards Bot#1671
We have logged in as Richards Bot#1671
We have logged in as Richards Bot#1671
We have logged in as Richards Bot#1671
We have logged in as Richards Bot#1671
We have logged in as Richards Bot#1671
We have logged in as Richards Bot#1671
We have logged in as Richards Bot#1671
We have logged in as Richards Bot#1671
We have logged in as Richards Bot#1671
We have logged in as Richards Bot#1671
We have logged in as Richards Bot#1671
We have logged in as Richards Bot#1671
We have logged in as Richards Bot#1671
We have logged in as Richards Bot#1671
We have logged in as Richards Bot#1671
We have logged in as Richards Bot#1671
We have logged in as Richards Bot#1671
We have logged in as Richards Bot#1671
We have logged in as Richards Bot#1671
We have logged in as Richards Bot#1671
We have logged in as Richards Bot#1671
We have logged in as Richards Bot#1671
We have logged in as Richards Bot#1671
We have logged in as Richards Bot#1671
We have logged in as Richards Bot#1671
We have logged in as Richards Bot#1671
We have logged in as Richards Bot#1671
We have logged in as Richards Bot#1671
We have logged in as Richards Bot#1671
We have logged in as Richards Bot#1671
We have logged in as Richards Bot#1671
We have logged in as Richards Bot#1671
We have logged in as Richards Bot#1671
We have logged in as Richards Bot#1671
We have logged in as Richards Bot#1671
We have logged in as Richards Bot#1671
We have logged in as Richards Bot#1671
We have logged in as Richards Bot#1671
We have logged in as Richards Bot#1671
We have logged in as Richards Bot#1671
We have logged in as Richards Bot#1671
We have logged in as Richards Bot#1671
We have logged in as Richards Bot#1671
We have logged in as Richards Bot#1671
We have logged in as Richards Bot#1671
We have logged in as Richards Bot#1671
We have logged in as Richards Bot#1671
We have logged in as Richards Bot#1671
We have logged in as Richards Bot#1671
We have logged in as Richards Bot#1671
We have logged in as Richards Bot#1671
We have logged in as Richards Bot#1671
We have logged in as Richards Bot#1671
We have logged in as Richards Bot#1671
We have logged in as Richards Bot#1671
We have logged in as Richards Bot#1671
We have logged in as Richards Bot#1671
We have logged in as Richards Bot#1671
We have logged in as Richards Bot#1671
We have logged in as Richards Bot#1671
We have logged in as Richards Bot#1671
We have logged in as Richards Bot#1671
We have logged in as Richards Bot#1671
We have logged in as Richards Bot#1671
We have logged in as Richards Bot#1671
We have logged in as Richards Bot#1671
We have logged in as Richards Bot#1671
We have logged in as Richards Bot#1671
We have logged in as Richards Bot#1671
We have logged in as Richards Bot#1671
We have logged in as Richards Bot#1671
We have logged in as Richards Bot#1671
We have logged in as Richards Bot#1671
We have logged in as Richards Bot#1671
We have logged in as Richards Bot#1671
We have logged in as Richards Bot#1671
We have logged in as Richards Bot#1671
We have logged in as Richards Bot#1671
We have logged in as Richards Bot#1671
We have logged in as Richards Bot#1671
We have logged in as Richards Bot#1671
We have logged in as Richards Bot#1671
We have logged in as Richards Bot#1671
We have logged in as Richards Bot#1671
We have logged in as Richards Bot#1671
We have logged in as Richards Bot#1671
We have logged in as Richards Bot#1671
We have logged in as Richards Bot#1671
We have logged in as Richards Bot#1671
We have logged in as Richards Bot#1671
We have logged in as Richards Bot#1671
We have logged in as Richards Bot#1671
We have logged in as Richards Bot#1671
We have logged in as Richards Bot#1671
We have logged in as Richards Bot#1671
We have logged in as Richards Bot#1671
We have logged in as Richards Bot#1671
We have logged in as Richards Bot#1671
We have logged in as Richards Bot#1671
We have logged in as Richards Bot#1671
We have logged in as Richards Bot#1671
We have logged in as Richards Bot#1671
We have logged in as Richards Bot#1671
We have logged in as Richards Bot#1671
We have logged in as Richards Bot#1671
We have logged in as Richards Bot#1671
We have logged in as Richards Bot#1671
We have logged in as Richards Bot#1671
We have logged in as Richards Bot#1671
We have logged in as Richards Bot#1671
We have logged in as Richards Bot#1671
We have logged in as Richards Bot#1671
We have logged in as Richards Bot#1671
We have logged in as Richards Bot#1671
We have logged in as Richards Bot#1671
We have logged in as Richards Bot#1671
We have logged in as Richards Bot#1671
We have logged in as Richards Bot#1671
We have logged in as Richards Bot#1671
We have logged in as Richards Bot#1671
We have logged in as Richards Bot#1671
We have logged in as Richards Bot#1671
We have logged in as Richards Bot#1671
We have logged in as Richards Bot#1671
We have logged in as Richards Bot#1671
We have logged in as Richards Bot#1671
We have logged in as Richards Bot#1671
We have logged in as Richards Bot#1671
We have logged in as Richards Bot#1671
We have logged in as Richards Bot#1671
We have logged in as Richards Bot#1671
We have logged in as Richards Bot#1671
We have logged in as Richards Bot#1671
We have logged in as Richards Bot#1671
We have logged in as Richards Bot#1671
We have logged in as Richards Bot#1671
We have logged in as Richards Bot#1671
We have logged in as Richards Bot#1671
We have logged in as Richards Bot#1671
We have logged in as Richards Bot#1671
We have logged in as Richards Bot#1671
We have logged in as Richards Bot#1671
We have logged in as Richards Bot#1671
We have logged in as Richards Bot#1671
We have logged in as Richards Bot#1671
We have logged in as Richards Bot#1671
We have logged in as Richards Bot#1671
We have logged in as Richards Bot#1671
We have logged in as Richards Bot#1671
We have logged in as Richards Bot#1671
We have logged in as Richards Bot#1671
We have logged in as Richards Bot#1671
We have logged in as Richards Bot#1671
We have logged in as Richards Bot#1671
We have logged in as Richards Bot#1671
We have logged in as Richards Bot#1671
We have logged in as Richards Bot#1671
We have logged in as Richards Bot#1671
We have logged in as Richards Bot#1671
We have logged in as Richards Bot#1671
We have logged in as Richards Bot#1671
We have logged in as Richards Bot#1671
We have logged in as Richards Bot#1671
We have logged in as Richards Bot#1671
We have logged in as Richards Bot#1671
We have logged in as Richards Bot#1671
We have logged in as Richards Bot#1671
We have logged in as Richards Bot#1671
We have logged in as Richards Bot#1671
We have logged in as Richards Bot#1671
We have logged in as Richards Bot#1671
We have logged in as Richards Bot#1671
We have logged in as Richards Bot#1671
We have logged in as Richards Bot#1671
We have logged in as Richards Bot#1671
We have logged in as Richards Bot#1671
We have logged in as Richards Bot#1671
We have logged in as Richards Bot#1671
We have logged in as Richards Bot#1671
We have logged in as Richards Bot#1671
We have logged in as Richards Bot#1671
We have logged in as Richards Bot#1671
We have logged in as Richards Bot#1671
We have logged in as Richards Bot#1671
We have logged in as Richards Bot#1671
We have logged in as Richards Bot#1671
We have logged in as Richards Bot#1671
We have logged in as Richards Bot#1671
We have logged in as Richards Bot#1671
We have logged in as Richards Bot#1671
We have logged in as Richards Bot#1671
We have logged in as Richards Bot#1671
We have logged in as Richards Bot#1671
We have logged in as Richards Bot#1671
We have logged in as Richards Bot#1671
We have logged in as Richards Bot#1671
We have logged in as Richards Bot#1671
We have logged in as Richards Bot#1671
We have logged in as Richards Bot#1671
We have logged in as Richards Bot#1671
We have logged in as Richards Bot#1671
We have logged in as Richards Bot#1671
We have logged in as Richards Bot#1671
We have logged in as Richards Bot#1671
We have logged in as Richards Bot#1671
We have logged in as Richards Bot#1671
We have logged in as Richards Bot#1671
We have logged in as Richards Bot#1671
We have logged in as Richards Bot#1671
We have logged in as Richards Bot#1671
We have logged in as Richards Bot#1671
We have logged in as Richards Bot#1671
We have logged in as Richards Bot#1671
We have logged in as Richards Bot#1671
We have logged in as Richards Bot#1671
We have logged in as Richards Bot#1671
We have logged in as Richards Bot#1671
We have logged in as Richards Bot#1671
We have logged in as Richards Bot#1671
We have logged in as Richards Bot#1671
We have logged in as Richards Bot#1671
We have logged in as Richards Bot#1671
We have logged in as Richards Bot#1671
We have logged in as Richards Bot#1671
We have logged in as Richards Bot#1671
We have logged in as Richards Bot#1671
We have logged in as Richards Bot#1671
We have logged in as Richards Bot#1671
We have logged in as Richards Bot#1671
We have logged in as Richards Bot#1671
We have logged in as Richards Bot#1671
We have logged in as Richards Bot#1671
We have logged in as Richards Bot#1671
We have logged in as Richards Bot#1671
We have logged in as Richards Bot#1671
We have logged in as Richards Bot#1671
We have logged in as Richards Bot#1671
We have logged in as Richards Bot#1671
We have logged in as Richards Bot#1671
We have logged in as Richards Bot#1671
We have logged in as Richards Bot#1671
We have logged in as Richards Bot#1671
We have logged in as Richards Bot#1671
We have logged in as Richards Bot#1671
We have logged in as Richards Bot#1671
We have logged in as Richards Bot#1671
We have logged in as Richards Bot#1671
We have logged in as Richards Bot#1671
We have logged in as Richards Bot#1671
We have logged in as Richards Bot#1671
We have logged in as Richards Bot#1671
We have logged in as Richards Bot#1671
We have logged in as Richards Bot#1671
We have logged in as Richards Bot#1671
We have logged in as Richards Bot#1671
We have logged in as Richards Bot#1671
We have logged in as Richards Bot#1671
We have logged in as Richards Bot#1671
We have logged in as Richards Bot#1671
We have logged in as Richards Bot#1671
We have logged in as Richards Bot#1671
We have logged in as Richards Bot#1671
We have logged in as Richards Bot#1671
We have logged in as Richards Bot#1671
We have logged in as Richards Bot#1671
We have logged in as Richards Bot#1671
We have logged in as Richards Bot#1671
We have logged in as Richards Bot#1671
We have logged in as Richards Bot#1671
We have logged in as Richards Bot#1671
We have logged in as Richards Bot#1671
We have logged in as Richards Bot#1671
We have logged in as Richards Bot#1671
We have logged in as Richards Bot#1671
We have logged in as Richards Bot#1671
We have logged in as Richards Bot#1671
We have logged in as Richards Bot#1671
We have logged in as Richards Bot#1671
We have logged in as Richards Bot#1671
We have logged in as Richards Bot#1671
We have logged in as Richards Bot#1671
We have logged in as Richards Bot#1671
We have logged in as Richards Bot#1671
We have logged in as Richards Bot#1671
We have logged in as Richards Bot#1671
We have logged in as Richards Bot#1671
We have logged in as Richards Bot#1671
We have logged in as Richards Bot#1671
We have logged in as Richards Bot#1671
We have logged in as Richards Bot#1671
We have logged in as Richards Bot#1671
We have logged in as Richards Bot#1671
We have logged in as Richards Bot#1671
We have logged in as Richards Bot#1671
We have logged in as Richards Bot#1671
We have logged in as Richards Bot#1671
We have logged in as Richards Bot#1671
We have logged in as Richards Bot#1671
We have logged in as Richards Bot#1671
We have logged in as Richards Bot#1671
We have logged in as Richards Bot#1671
We have logged in as Richards Bot#1671
We have logged in as Richards Bot#1671
We have logged in as Richards Bot#1671
We have logged in as Richards Bot#1671
We have logged in as Richards Bot#1671
We have logged in as Richards Bot#1671
We have logged in as Richards Bot#1671
We have logged in as Richards Bot#1671
We have logged in as Richards Bot#1671
We have logged in as Richards Bot#1671
We have logged in as Richards Bot#1671
We have logged in as Richards Bot#1671
We have logged in as Richards Bot#1671
We have logged in as Richards Bot#1671
We have logged in as Richards Bot#1671
We have logged in as Richards Bot#1671
We have logged in as Richards Bot#1671
We have logged in as Richards Bot#1671
We have logged in as Richards Bot#1671
We have logged in as Richards Bot#1671
We have logged in as Richards Bot#1671
We have logged in as Richards Bot#1671
We have logged in as Richards Bot#1671
We have logged in as Richards Bot#1671
We have logged in as Richards Bot#1671
We have logged in as Richards Bot#1671
We have logged in as Richards Bot#1671
We have logged in as Richards Bot#1671
We have logged in as Richards Bot#1671
We have logged in as Richards Bot#1671
We have logged in as Richards Bot#1671
We have logged in as Richards Bot#1671
We have logged in as Richards Bot#1671
We have logged in as Richards Bot#1671
We have logged in as Richards Bot#1671
We have logged in as Richards Bot#1671
We have logged in as Richards Bot#1671
We have logged in as Richards Bot#1671
We have logged in as Richards Bot#1671
We have logged in as Richards Bot#1671
We have logged in as Richards Bot#1671
We have logged in as Richards Bot#1671
We have logged in as Richards Bot#1671
We have logged in as Richards Bot#1671
We have logged in as Richards Bot#1671
We have logged in as Richards Bot#1671
We have logged in as Richards Bot#1671
We have logged in as Richards Bot#1671
We have logged in as Richards Bot#1671
We have logged in as Richards Bot#1671
We have logged in as Richards Bot#1671
We have logged in as Richards Bot#1671
We have logged in as Richards Bot#1671
We have logged in as Richards Bot#1671
We have logged in as Richards Bot#1671
We have logged in as Richards Bot#1671
We have logged in as Richards Bot#1671
We have logged in as Richards Bot#1671
We have logged in as Richards Bot#1671
We have logged in as Richards Bot#1671
We have logged in as Richards Bot#1671
We have logged in as Richards Bot#1671
We have logged in as Richards Bot#1671
We have logged in as Richards Bot#1671
We have logged in as Richards Bot#1671
We have logged in as Richards Bot#1671
We have logged in as Richards Bot#1671
We have logged in as Richards Bot#1671
We have logged in as Richards Bot#1671
We have logged in as Richards Bot#1671
We have logged in as Richards Bot#1671
We have logged in as Richards Bot#1671
We have logged in as Richards Bot#1671
We have logged in as Richards Bot#1671
We have logged in as Richards Bot#1671
We have logged in as Richards Bot#1671
We have logged in as Richards Bot#1671
We have logged in as Richards Bot#1671
We have logged in as Richards Bot#1671
We have logged in as Richards Bot#1671
We have logged in as Richards Bot#1671
We have logged in as Richards Bot#1671
We have logged in as Richards Bot#1671
We have logged in as Richards Bot#1671
We have logged in as Richards Bot#1671
We have logged in as Richards Bot#1671
We have logged in as Richards Bot#1671
We have logged in as Richards Bot#1671
We have logged in as Richards Bot#1671
We have logged in as Richards Bot#1671
We have logged in as Richards Bot#1671
We have logged in as Richards Bot#1671
We have logged in as Richards Bot#1671
We have logged in as Richards Bot#1671
We have logged in as Richards Bot#1671
We have logged in as Richards Bot#1671
We have logged in as Richards Bot#1671
We have logged in as Richards Bot#1671
We have logged in as Richards Bot#1671
We have logged in as Richards Bot#1671
We have logged in as Richards Bot#1671
We have logged in as Richards Bot#1671
We have logged in as Richards Bot#1671
We have logged in as Richards Bot#1671
We have logged in as Richards Bot#1671
We have logged in as Richards Bot#1671
We have logged in as Richards Bot#1671
We have logged in as Richards Bot#1671
We have logged in as Richards Bot#1671
We have logged in as Richards Bot#1671
We have logged in as Richards Bot#1671
We have logged in as Richards Bot#1671
We have logged in as Richards Bot#1671
We have logged in as Richards Bot#1671